2020-10-05 21:56:52,113 INFO notifyConnectTimeout:200

2020-10-05 21:56:52,116 INFO notifySocketTimeout:8000

2020-10-05 21:56:52,116 INFO isHealthCheck:true

2020-10-05 21:56:52,116 INFO maxHealthCheckFailCount:12

2020-10-05 21:56:52,116 INFO maxContent:10485760

2020-10-05 21:56:52,675 INFO Schema 'NACOS' already exists.

2020-10-05 21:56:52,717 INFO Table/View 'CONFIG_INFO' already exists in Schema 'NACOS'.

2020-10-05 21:56:52,757 INFO Table/View 'HIS_CONFIG_INFO' already exists in Schema 'NACOS'.

2020-10-05 21:56:52,773 INFO Table/View 'CONFIG_INFO_BETA' already exists in Schema 'NACOS'.

2020-10-05 21:56:52,781 INFO Table/View 'CONFIG_INFO_TAG' already exists in Schema 'NACOS'.

2020-10-05 21:56:52,790 INFO Table/View 'CONFIG_INFO_AGGR' already exists in Schema 'NACOS'.

2020-10-05 21:56:52,799 INFO Table/View 'APP_LIST' already exists in Schema 'NACOS'.

2020-10-05 21:56:52,806 INFO Table/View 'APP_CONFIGDATA_RELATION_SUBS' already exists in Schema 'NACOS'.

2020-10-05 21:56:52,815 INFO Table/View 'APP_CONFIGDATA_RELATION_PUBS' already exists in Schema 'NACOS'.

2020-10-05 21:56:52,821 INFO Table/View 'CONFIG_TAGS_RELATION' already exists in Schema 'NACOS'.

2020-10-05 21:56:52,831 INFO Table/View 'GROUP_CAPACITY' already exists in Schema 'NACOS'.

2020-10-05 21:56:52,838 INFO Table/View 'TENANT_CAPACITY' already exists in Schema 'NACOS'.

2020-10-05 21:56:52,844 INFO Table/View 'TENANT_INFO' already exists in Schema 'NACOS'.

2020-10-05 21:56:52,854 INFO Table/View 'USERS' already exists in Schema 'NACOS'.

2020-10-05 21:56:52,860 INFO Table/View 'ROLES' already exists in Schema 'NACOS'.

2020-10-05 21:56:52,867 INFO Table/View 'PERMISSIONS' already exists in Schema 'NACOS'.

2020-10-05 21:56:52,936 INFO The statement was aborted because it would have caused a duplicate key value in a unique or primary key constraint or unique index identified by 'SQL200819100943980' defined on 'USERS'.

2020-10-05 21:56:52,941 INFO The statement was aborted because it would have caused a duplicate key value in a unique or primary key constraint or unique index identified by 'UK_USERNAME_ROLE' defined on 'ROLES'.

2020-10-05 21:56:54,219 INFO ServerListService address-server port:8080

2020-10-05 21:56:54,219 INFO ADDRESS_SERVER_URL:http://jmenv.tbsite.net:8080/nacos/serverlist

2020-10-05 21:56:54,221 WARN [serverlist] updated to [192.168.216.1:8848]

2020-10-05 21:56:54,287 WARN DumpService start

2020-10-05 21:56:54,289 INFO start clear all config-info.

2020-10-05 21:56:54,292 WARN clear all config-info failed.

2020-10-05 21:56:54,292 WARN clear all config-info-tenant failed.

2020-10-05 21:56:54,379 INFO [all-dump] 7 / 7

2020-10-05 21:56:54,379 INFO start clear all config-info-beta.

2020-10-05 21:56:54,379 WARN clear all config-info-beta failed.

2020-10-05 21:56:54,379 WARN clear all config-info-beta-tenant failed.

2020-10-05 21:56:54,388 INFO start clear all config-info-tag.

2020-10-05 21:56:54,389 WARN clear all config-info-tag failed.

2020-10-05 21:56:54,389 WARN clear all config-info-tag-tenant failed.

